{"email":"hammadzia347@gmail.com","error":"column \"password\" of relation \"users\" does not exist","level":"error","message":"Registration error","service":"hd-wallet-api","timestamp":"2026-01-26 17:33:17"}
{"duration":298,"ip":"::1","level":"error","message":"Request failed","method":"POST","path":"/api/v1/auth/register","requestId":"5253cc6868b01cf091726fcee031e912","service":"hd-wallet-api","statusCode":500,"suspicious":false,"timestamp":"2026-01-26 17:33:17"}
{"email":"hammadzia347@gmail.com","error":"column \"password\" of relation \"users\" does not exist","level":"error","message":"Registration error","service":"hd-wallet-api","timestamp":"2026-01-26 18:20:51"}
{"duration":246,"ip":"::1","level":"error","message":"Request failed","method":"POST","path":"/api/v1/auth/register","requestId":"a6f5a249e9e64366d8ef22aef6cb0516","service":"hd-wallet-api","statusCode":500,"suspicious":false,"timestamp":"2026-01-26 18:20:51"}
{"email":"hammadzia347@gmail.com","error":"column \"is_active\" does not exist","level":"error","message":"Login error","service":"hd-wallet-api","timestamp":"2026-01-26 18:38:04"}
{"duration":59,"ip":"::1","level":"error","message":"Request failed","method":"POST","path":"/api/v1/auth/login","requestId":"5a6b0675d8c8aa258090e22ee311507f","service":"hd-wallet-api","statusCode":500,"suspicious":false,"timestamp":"2026-01-26 18:38:04"}
{"email":"hammadzia347@gmail.com","error":"column \"is_active\" does not exist","level":"error","message":"Login error","service":"hd-wallet-api","timestamp":"2026-01-26 18:39:27"}
{"duration":29,"ip":"::1","level":"error","message":"Request failed","method":"POST","path":"/api/v1/auth/login","requestId":"a5e638b6517b2b48142b5aba61e92483","service":"hd-wallet-api","statusCode":500,"suspicious":false,"timestamp":"2026-01-26 18:39:27"}
{"email":"hammadzia347@gmail.com","error":"column \"is_active\" does not exist","level":"error","message":"Login error","service":"hd-wallet-api","timestamp":"2026-01-26 18:41:09"}
{"duration":75,"ip":"::1","level":"error","message":"Request failed","method":"POST","path":"/api/v1/auth/login","requestId":"690d9330053eba457da854d950e21fda","service":"hd-wallet-api","statusCode":500,"suspicious":false,"timestamp":"2026-01-26 18:41:09"}
{"email":"hammadzia347@gmail.com","error":"relation \"login_attempts\" does not exist","level":"error","message":"Login error","service":"hd-wallet-api","timestamp":"2026-01-26 18:43:36"}
{"duration":337,"ip":"::1","level":"error","message":"Request failed","method":"POST","path":"/api/v1/auth/login","requestId":"a9528c3e91ba82c998ca00878148eb03","service":"hd-wallet-api","statusCode":500,"suspicious":false,"timestamp":"2026-01-26 18:43:36"}
{"email":"hammadzia347@gmail.com","error":"relation \"login_attempts\" does not exist","level":"error","message":"Login error","service":"hd-wallet-api","timestamp":"2026-01-26 18:43:55"}
{"duration":251,"ip":"::1","level":"error","message":"Request failed","method":"POST","path":"/api/v1/auth/login","requestId":"af32fb135e6c5092734de76200332508","service":"hd-wallet-api","statusCode":500,"suspicious":false,"timestamp":"2026-01-26 18:43:55"}
{"duration":64,"ip":"::1","level":"error","message":"Request failed","method":"POST","path":"/wallet","requestId":"23f5a85cade57fd3d5fa543be8ae92a6","service":"hd-wallet-api","statusCode":500,"suspicious":false,"timestamp":"2026-01-27 11:53:30"}
{"duration":24,"ip":"::1","level":"error","message":"Request failed","method":"POST","path":"/wallet","requestId":"ba704ad5de3122f372250e3d9838be80","service":"hd-wallet-api","statusCode":500,"suspicious":false,"timestamp":"2026-01-27 11:56:23"}
{"duration":17,"ip":"::1","level":"error","message":"Request failed","method":"POST","path":"/wallet","requestId":"2581ee7144a0b390ac8ea87857c71ca0","service":"hd-wallet-api","statusCode":500,"suspicious":false,"timestamp":"2026-01-27 12:00:08"}
{"duration":73,"ip":"::1","level":"error","message":"Request failed","method":"POST","path":"/wallet","requestId":"6101c3ff4b567c88e1aa1ab5663a8e18","service":"hd-wallet-api","statusCode":500,"suspicious":false,"timestamp":"2026-01-27 12:02:49"}
{"duration":32,"ip":"::1","level":"error","message":"Request failed","method":"POST","path":"/wallet","requestId":"1a39353e1526ec5066947440f7afc6c4","service":"hd-wallet-api","statusCode":500,"suspicious":false,"timestamp":"2026-01-27 12:08:48"}
{"duration":57,"ip":"::1","level":"error","message":"Request failed","method":"POST","path":"/wallet","requestId":"c3517e1107bda77f2a13fef41e626926","service":"hd-wallet-api","statusCode":500,"suspicious":false,"timestamp":"2026-01-27 12:11:36"}
{"duration":44,"ip":"::1","level":"error","message":"Request failed","method":"POST","path":"/wallet","requestId":"9ca600212723720e4271fc07882e5505","service":"hd-wallet-api","statusCode":500,"suspicious":false,"timestamp":"2026-01-27 12:13:01"}
{"duration":94596,"ip":"::1","level":"error","message":"Request failed","method":"POST","path":"/wallet","requestId":"fdd7038e7ffabd37ddc3a54ef1351792","service":"hd-wallet-api","statusCode":500,"suspicious":false,"timestamp":"2026-01-27 12:15:06"}
{"duration":18,"ip":"::1","level":"error","message":"Request failed","method":"POST","path":"/wallet","requestId":"d8837a21a9e85bed47eb8e5ee0c488ef","service":"hd-wallet-api","statusCode":500,"suspicious":false,"timestamp":"2026-01-27 12:33:40"}
{"duration":15,"ip":"::1","level":"error","message":"Request failed","method":"POST","path":"/wallet","requestId":"ca1d437537c0c81fb4705419c62a4894","service":"hd-wallet-api","statusCode":500,"suspicious":false,"timestamp":"2026-01-27 12:34:21"}
{"duration":60,"ip":"::1","level":"error","message":"Request failed","method":"POST","path":"/wallet","requestId":"ed4c5aa92756fa42953910bad89c99cb","service":"hd-wallet-api","statusCode":500,"suspicious":false,"timestamp":"2026-01-27 12:40:34"}
{"duration":65,"ip":"::1","level":"error","message":"Request failed","method":"POST","path":"/wallet","requestId":"2969ff091d0a1e70d5b605baef4ec8b7","service":"hd-wallet-api","statusCode":500,"suspicious":false,"timestamp":"2026-01-27 12:44:43"}
{"duration":17,"ip":"::1","level":"error","message":"Request failed","method":"POST","path":"/wallet","requestId":"d7f6277245b72ecac29c34ba79ab795a","service":"hd-wallet-api","statusCode":500,"suspicious":false,"timestamp":"2026-01-27 12:45:37"}
{"duration":69,"ip":"::1","level":"error","message":"Request failed","method":"POST","path":"/wallet","requestId":"8ed3089196bef73974536bab32cd01c6","service":"hd-wallet-api","statusCode":500,"suspicious":false,"timestamp":"2026-01-27 13:13:44"}
{"duration":53,"ip":"::1","level":"error","message":"Request failed","method":"POST","path":"/wallet","requestId":"85178ffce7cdc3fa9d4e55c7ccd7e54b","service":"hd-wallet-api","statusCode":500,"suspicious":false,"timestamp":"2026-01-27 13:17:22"}
{"duration":5,"ip":"::1","level":"error","message":"Request failed","method":"POST","path":"/wallet","requestId":"1e1352c213ca6d0f5051444a3a58777d","service":"hd-wallet-api","statusCode":500,"suspicious":false,"timestamp":"2026-01-27 13:18:21"}
{"duration":107,"ip":"::1","level":"error","message":"Request failed","method":"POST","path":"/wallet","requestId":"8c070f3d64bb6c80eab6e06a8418959b","service":"hd-wallet-api","statusCode":500,"suspicious":false,"timestamp":"2026-01-27 13:20:52"}
{"duration":98,"ip":"::1","level":"error","message":"Request failed","method":"POST","path":"/wallet","requestId":"b56aa3b4a48a9ed163f182170af4e475","service":"hd-wallet-api","statusCode":500,"suspicious":false,"timestamp":"2026-01-27 13:21:23"}
{"duration":114,"ip":"::1","level":"error","message":"Request failed","method":"POST","path":"/wallet","requestId":"2630026a3b882c68e96cc0ccaaf354da","service":"hd-wallet-api","statusCode":500,"suspicious":false,"timestamp":"2026-01-27 17:00:22"}
{"duration":81,"ip":"::1","level":"error","message":"Request failed","method":"POST","path":"/wallet","requestId":"c40a8fa07ab8b010ca055aed98928d9a","service":"hd-wallet-api","statusCode":500,"suspicious":false,"timestamp":"2026-01-27 17:05:49"}
{"duration":176695,"ip":"::1","level":"error","message":"Request failed","method":"POST","path":"/wallet","requestId":"119514c0306dd0e90def34981a17ea44","service":"hd-wallet-api","statusCode":500,"suspicious":false,"timestamp":"2026-01-27 17:09:43"}
{"duration":20,"ip":"::1","level":"error","message":"Request failed","method":"POST","path":"/wallet","requestId":"1149ea65fd29ec05ba76b696e9289018","service":"hd-wallet-api","statusCode":500,"suspicious":false,"timestamp":"2026-01-27 17:10:18"}
{"duration":54,"ip":"::1","level":"error","message":"Request failed","method":"POST","path":"/wallet","requestId":"faefea191416249582b21e3e475176ac","service":"hd-wallet-api","statusCode":500,"suspicious":false,"timestamp":"2026-01-27 17:10:37"}
{"duration":173,"ip":"::1","level":"error","message":"Request failed","method":"POST","path":"/wallet","requestId":"f7405c9283498bd8373e72c5cf2ea396","service":"hd-wallet-api","statusCode":500,"suspicious":false,"timestamp":"2026-01-27 17:11:45"}
{"duration":17,"ip":"::1","level":"error","message":"Request failed","method":"POST","path":"/wallet","requestId":"171c7975f30caad6c2b2db8fd0d497c4","service":"hd-wallet-api","statusCode":500,"suspicious":false,"timestamp":"2026-01-27 17:12:45"}
{"duration":71,"ip":"::1","level":"error","message":"Request failed","method":"POST","path":"/wallet","requestId":"31c13a0a10ec2653e6445af8d93b02fa","service":"hd-wallet-api","statusCode":500,"suspicious":false,"timestamp":"2026-01-27 17:17:40"}
{"duration":55,"ip":"::1","level":"error","message":"Request failed","method":"POST","path":"/wallet","requestId":"bcf0de2c582c7ccc8233bc60f6835144","service":"hd-wallet-api","statusCode":500,"suspicious":false,"timestamp":"2026-01-27 17:18:17"}
{"duration":398275,"ip":"::1","level":"error","message":"Request failed","method":"POST","path":"/wallet","requestId":"754e88d5e8ac917c738db12b9a8f8d8f","service":"hd-wallet-api","statusCode":500,"suspicious":false,"timestamp":"2026-01-27 17:38:24"}
{"duration":241,"ip":"::1","level":"error","message":"Request failed","method":"POST","path":"/wallet","requestId":"27a86d1f77513d3a31720ea083e82b95","service":"hd-wallet-api","statusCode":500,"suspicious":false,"timestamp":"2026-01-27 18:07:43"}
{"duration":26,"ip":"::1","level":"error","message":"Request failed","method":"POST","path":"/wallet","requestId":"69519730d5b9814d245106b2c125a1b3","service":"hd-wallet-api","statusCode":500,"suspicious":false,"timestamp":"2026-01-27 18:52:25"}
{"duration":22,"ip":"::1","level":"error","message":"Request failed","method":"POST","path":"/wallet","requestId":"1cd957ccde320e64fa8112d7242b6084","service":"hd-wallet-api","statusCode":500,"suspicious":false,"timestamp":"2026-01-27 18:53:04"}
{"duration":5,"ip":"::1","level":"error","message":"Request failed","method":"POST","path":"/wallet","requestId":"72b7578959acd2e206d8323b41e77e39","service":"hd-wallet-api","statusCode":500,"suspicious":false,"timestamp":"2026-01-27 18:54:30"}
{"duration":71,"ip":"::1","level":"error","message":"Request failed","method":"POST","path":"/wallet","requestId":"e5dd8517adcf580be500e4f978cadc06","service":"hd-wallet-api","statusCode":500,"suspicious":false,"timestamp":"2026-01-27 18:55:02"}
{"duration":21,"ip":"::1","level":"error","message":"Request failed","method":"POST","path":"/wallet","requestId":"d538fd4fe5ce706d3505c1c0521bb84c","service":"hd-wallet-api","statusCode":500,"suspicious":false,"timestamp":"2026-01-27 18:57:54"}
