{"ip":"::1","level":"warn","message":"Route not found","method":"GET","path":"/api/fetch-transfers","service":"hd-wallet-api","timestamp":"2026-01-26 17:10:28"}
{"duration":24,"ip":"::1","level":"warn","message":"Request error","method":"GET","path":"/api/fetch-transfers","requestId":"aace11a0cf2740241a483878b3d813b5","service":"hd-wallet-api","statusCode":404,"suspicious":false,"timestamp":"2026-01-26 17:10:28"}
{"ip":"::1","level":"warn","message":"Route not found","method":"GET","path":"/favicon.ico","service":"hd-wallet-api","timestamp":"2026-01-26 17:10:29"}
{"duration":4,"ip":"::1","level":"warn","message":"Request error","method":"GET","path":"/favicon.ico","requestId":"9e1d72a401c7aa1f37ab37368178f115","service":"hd-wallet-api","statusCode":404,"suspicious":false,"timestamp":"2026-01-26 17:10:29"}
{"ip":"::1","level":"warn","message":"Route not found","method":"GET","path":"/","service":"hd-wallet-api","timestamp":"2026-01-26 17:10:34"}
{"duration":3,"ip":"::1","level":"warn","message":"Request error","method":"GET","path":"/","requestId":"349ab5264471b4fde54ee15c6a02613a","service":"hd-wallet-api","statusCode":404,"suspicious":false,"timestamp":"2026-01-26 17:10:34"}
{"ip":"::1","level":"warn","message":"Route not found","method":"GET","path":"/","service":"hd-wallet-api","timestamp":"2026-01-26 17:11:18"}
{"duration":14,"ip":"::1","level":"warn","message":"Request error","method":"GET","path":"/","requestId":"01caced592716df352c8b870d112e779","service":"hd-wallet-api","statusCode":404,"suspicious":false,"timestamp":"2026-01-26 17:11:18"}
{"ip":"::1","level":"warn","message":"Route not found","method":"GET","path":"/","service":"hd-wallet-api","timestamp":"2026-01-26 17:14:54"}
{"duration":21,"ip":"::1","level":"warn","message":"Request error","method":"GET","path":"/","requestId":"908f6fb11cbbe180af89da722e42202d","service":"hd-wallet-api","statusCode":404,"suspicious":false,"timestamp":"2026-01-26 17:14:54"}
{"ip":"::1","level":"warn","message":"Authentication failed: No token provided","path":"/","service":"hd-wallet-api","timestamp":"2026-01-26 17:15:33"}
{"duration":5,"ip":"::1","level":"warn","message":"Request error","method":"GET","path":"/","requestId":"98b3fbcc5a3eb19f059339b2dc400aaf","service":"hd-wallet-api","statusCode":401,"suspicious":false,"timestamp":"2026-01-26 17:15:33"}
{"errors":[{"location":"body","msg":"Password must be at least 8 characters","path":"password","type":"field","value":"4321"},{"location":"body","msg":"Password must contain at least one uppercase letter, one lowercase letter, one number, and one special character (@$!%*?&)","path":"password","type":"field","value":"4321"}],"ip":"::1","level":"warn","message":"Validation failed","path":"/register","service":"hd-wallet-api","timestamp":"2026-01-26 17:30:04"}
{"duration":15,"ip":"::1","level":"warn","message":"Request error","method":"POST","path":"/register","requestId":"0ed438c7259fdeaab1b4ca5ba3fb046e","service":"hd-wallet-api","statusCode":400,"suspicious":false,"timestamp":"2026-01-26 17:30:04"}
{"errors":[{"location":"body","msg":"Password must be at least 8 characters","path":"password","type":"field","value":"4321"},{"location":"body","msg":"Password must contain at least one uppercase letter, one lowercase letter, one number, and one special character (@$!%*?&)","path":"password","type":"field","value":"4321"}],"ip":"::1","level":"warn","message":"Validation failed","path":"/register","service":"hd-wallet-api","timestamp":"2026-01-26 17:30:23"}
{"duration":8,"ip":"::1","level":"warn","message":"Request error","method":"POST","path":"/register","requestId":"ad4f9a1198a99cd4162816f987a35eb1","service":"hd-wallet-api","statusCode":400,"suspicious":false,"timestamp":"2026-01-26 17:30:23"}
{"errors":[{"location":"body","msg":"Password must be at least 8 characters","path":"password","type":"field","value":"Ham432!"}],"ip":"::1","level":"warn","message":"Validation failed","path":"/register","service":"hd-wallet-api","timestamp":"2026-01-26 17:32:12"}
{"duration":4,"ip":"::1","level":"warn","message":"Request error","method":"POST","path":"/register","requestId":"6f35e5fca0bcef68f572058ea5507e45","service":"hd-wallet-api","statusCode":400,"suspicious":false,"timestamp":"2026-01-26 17:32:12"}
{"email":"hammadzia347@gmail.com","error":"column \"password\" of relation \"users\" does not exist","level":"error","message":"Registration error","service":"hd-wallet-api","timestamp":"2026-01-26 17:33:17"}
{"duration":298,"ip":"::1","level":"error","message":"Request failed","method":"POST","path":"/api/v1/auth/register","requestId":"5253cc6868b01cf091726fcee031e912","service":"hd-wallet-api","statusCode":500,"suspicious":false,"timestamp":"2026-01-26 17:33:17"}
{"email":"hammadzia347@gmail.com","error":"column \"password\" of relation \"users\" does not exist","level":"error","message":"Registration error","service":"hd-wallet-api","timestamp":"2026-01-26 18:20:51"}
{"duration":246,"ip":"::1","level":"error","message":"Request failed","method":"POST","path":"/api/v1/auth/register","requestId":"a6f5a249e9e64366d8ef22aef6cb0516","service":"hd-wallet-api","statusCode":500,"suspicious":false,"timestamp":"2026-01-26 18:20:51"}
{"email":"hammadzia347@gmail.com","error":"column \"is_active\" does not exist","level":"error","message":"Login error","service":"hd-wallet-api","timestamp":"2026-01-26 18:38:04"}
{"duration":59,"ip":"::1","level":"error","message":"Request failed","method":"POST","path":"/api/v1/auth/login","requestId":"5a6b0675d8c8aa258090e22ee311507f","service":"hd-wallet-api","statusCode":500,"suspicious":false,"timestamp":"2026-01-26 18:38:04"}
{"email":"hammadzia347@gmail.com","error":"column \"is_active\" does not exist","level":"error","message":"Login error","service":"hd-wallet-api","timestamp":"2026-01-26 18:39:27"}
{"duration":29,"ip":"::1","level":"error","message":"Request failed","method":"POST","path":"/api/v1/auth/login","requestId":"a5e638b6517b2b48142b5aba61e92483","service":"hd-wallet-api","statusCode":500,"suspicious":false,"timestamp":"2026-01-26 18:39:27"}
{"email":"hammadzia347@gmail.com","error":"column \"is_active\" does not exist","level":"error","message":"Login error","service":"hd-wallet-api","timestamp":"2026-01-26 18:41:09"}
{"duration":75,"ip":"::1","level":"error","message":"Request failed","method":"POST","path":"/api/v1/auth/login","requestId":"690d9330053eba457da854d950e21fda","service":"hd-wallet-api","statusCode":500,"suspicious":false,"timestamp":"2026-01-26 18:41:09"}
{"email":"hammadzia347@gmail.com","error":"relation \"login_attempts\" does not exist","level":"error","message":"Login error","service":"hd-wallet-api","timestamp":"2026-01-26 18:43:36"}
{"duration":337,"ip":"::1","level":"error","message":"Request failed","method":"POST","path":"/api/v1/auth/login","requestId":"a9528c3e91ba82c998ca00878148eb03","service":"hd-wallet-api","statusCode":500,"suspicious":false,"timestamp":"2026-01-26 18:43:36"}
{"email":"hammadzia347@gmail.com","error":"relation \"login_attempts\" does not exist","level":"error","message":"Login error","service":"hd-wallet-api","timestamp":"2026-01-26 18:43:55"}
{"duration":251,"ip":"::1","level":"error","message":"Request failed","method":"POST","path":"/api/v1/auth/login","requestId":"af32fb135e6c5092734de76200332508","service":"hd-wallet-api","statusCode":500,"suspicious":false,"timestamp":"2026-01-26 18:43:55"}
{"ip":"::1","level":"warn","message":"Authentication failed: No token provided","path":"/logout","service":"hd-wallet-api","timestamp":"2026-01-26 18:55:22"}
{"duration":4,"ip":"::1","level":"warn","message":"Request error","method":"POST","path":"/logout","requestId":"c776d07f5f44d6c544849e89679f11c0","service":"hd-wallet-api","statusCode":401,"suspicious":false,"timestamp":"2026-01-26 18:55:22"}
{"ip":"::1","level":"warn","message":"Route not found","method":"POST","path":"/api/v1/auth/logout/%20%20%20%20%20%20%20%20eyJhbGciOiJIUzI1NiIsInR5cCI6IkpXVCJ9.eyJpZCI6ImFjNThlZTJkLWM1NGEtNGRlNC04MzUzLTk2YjdkMzY4OGQ1OCIsImVtYWlsIjoiaGFtbWFkemlhMzQ3QGdtYWlsLmNvbSIsInJvbGUiOiJ1c2VyIiwiaWF0IjoxNzY5NDM1NDkxLCJleHAiOjE3Njk1MjE4OTEsImF1ZCI6ImhkLXdhbGxldC1jbGllbnQiLCJpc3MiOiJoZC13YWxsZXQtYXBpIn0.A-s0jKpSNN9ir_yRGQGZHewLKgBDwxOhSUYBbsFZy68","service":"hd-wallet-api","timestamp":"2026-01-26 18:57:01"}
{"duration":36,"ip":"::1","level":"warn","message":"Request error","method":"POST","path":"/api/v1/auth/logout/%20%20%20%20%20%20%20%20eyJhbGciOiJIUzI1NiIsInR5cCI6IkpXVCJ9.eyJpZCI6ImFjNThlZTJkLWM1NGEtNGRlNC04MzUzLTk2YjdkMzY4OGQ1OCIsImVtYWlsIjoiaGFtbWFkemlhMzQ3QGdtYWlsLmNvbSIsInJvbGUiOiJ1c2VyIiwiaWF0IjoxNzY5NDM1NDkxLCJleHAiOjE3Njk1MjE4OTEsImF1ZCI6ImhkLXdhbGxldC1jbGllbnQiLCJpc3MiOiJoZC13YWxsZXQtYXBpIn0.A-s0jKpSNN9ir_yRGQGZHewLKgBDwxOhSUYBbsFZy68","requestId":"1a9340142379c41b2a9bd73b89adfce8","service":"hd-wallet-api","statusCode":404,"suspicious":false,"timestamp":"2026-01-26 18:57:01"}
{"ip":"::1","level":"warn","message":"Route not found","method":"POST","path":"/api/v1/auth/%20%20%20%20%20%20%20%20eyJhbGciOiJIUzI1NiIsInR5cCI6IkpXVCJ9.eyJpZCI6ImFjNThlZTJkLWM1NGEtNGRlNC04MzUzLTk2YjdkMzY4OGQ1OCIsImVtYWlsIjoiaGFtbWFkemlhMzQ3QGdtYWlsLmNvbSIsInJvbGUiOiJ1c2VyIiwiaWF0IjoxNzY5NDM1NDkxLCJleHAiOjE3Njk1MjE4OTEsImF1ZCI6ImhkLXdhbGxldC1jbGllbnQiLCJpc3MiOiJoZC13YWxsZXQtYXBpIn0.A-s0jKpSNN9ir_yRGQGZHewLKgBDwxOhSUYBbsFZy68/logout","service":"hd-wallet-api","timestamp":"2026-01-26 18:57:15"}
{"duration":3,"ip":"::1","level":"warn","message":"Request error","method":"POST","path":"/api/v1/auth/%20%20%20%20%20%20%20%20eyJhbGciOiJIUzI1NiIsInR5cCI6IkpXVCJ9.eyJpZCI6ImFjNThlZTJkLWM1NGEtNGRlNC04MzUzLTk2YjdkMzY4OGQ1OCIsImVtYWlsIjoiaGFtbWFkemlhMzQ3QGdtYWlsLmNvbSIsInJvbGUiOiJ1c2VyIiwiaWF0IjoxNzY5NDM1NDkxLCJleHAiOjE3Njk1MjE4OTEsImF1ZCI6ImhkLXdhbGxldC1jbGllbnQiLCJpc3MiOiJoZC13YWxsZXQtYXBpIn0.A-s0jKpSNN9ir_yRGQGZHewLKgBDwxOhSUYBbsFZy68/logout","requestId":"8abe6cc6a6e59fc34fa9e287ba0570e8","service":"hd-wallet-api","statusCode":404,"suspicious":false,"timestamp":"2026-01-26 18:57:15"}
{"ip":"::1","level":"warn","message":"Authentication failed: No token provided","path":"/logout","service":"hd-wallet-api","timestamp":"2026-01-26 18:58:11"}
{"duration":2,"ip":"::1","level":"warn","message":"Request error","method":"POST","path":"/logout","requestId":"f5c72e9cb9a6823b374342794e700e0e","service":"hd-wallet-api","statusCode":401,"suspicious":false,"timestamp":"2026-01-26 18:58:11"}
{"error":"invalid signature","ip":"::1","level":"warn","message":"Authentication failed: Invalid token","service":"hd-wallet-api","timestamp":"2026-01-26 18:58:52"}
{"duration":4,"ip":"::1","level":"warn","message":"Request error","method":"POST","path":"/logout","requestId":"c9d4609e3c8e5444fcc741db3b95e626","service":"hd-wallet-api","statusCode":401,"suspicious":false,"timestamp":"2026-01-26 18:58:52"}
{"duration":1,"ip":"::1","level":"warn","message":"Request error","method":"POST","path":"/logout","requestId":"96b0433a6203591f7ad4a50259a582e6","service":"hd-wallet-api","statusCode":401,"suspicious":false,"timestamp":"2026-01-26 18:59:03"}
{"contentType":"text/plain","ip":"::1","level":"warn","message":"Invalid content type","method":"POST","service":"hd-wallet-api","timestamp":"2026-01-27 11:52:23"}
{"contentType":"text/plain","ip":"::1","level":"warn","message":"Invalid content type","method":"POST","service":"hd-wallet-api","timestamp":"2026-01-27 11:53:04"}
{"contentType":"text/plain","ip":"::1","level":"warn","message":"Invalid content type","method":"POST","service":"hd-wallet-api","timestamp":"2026-01-27 11:53:10"}
{"duration":64,"ip":"::1","level":"error","message":"Request failed","method":"POST","path":"/wallet","requestId":"23f5a85cade57fd3d5fa543be8ae92a6","service":"hd-wallet-api","statusCode":500,"suspicious":false,"timestamp":"2026-01-27 11:53:30"}
{"duration":24,"ip":"::1","level":"error","message":"Request failed","method":"POST","path":"/wallet","requestId":"ba704ad5de3122f372250e3d9838be80","service":"hd-wallet-api","statusCode":500,"suspicious":false,"timestamp":"2026-01-27 11:56:23"}
{"duration":17,"ip":"::1","level":"error","message":"Request failed","method":"POST","path":"/wallet","requestId":"2581ee7144a0b390ac8ea87857c71ca0","service":"hd-wallet-api","statusCode":500,"suspicious":false,"timestamp":"2026-01-27 12:00:08"}
{"duration":73,"ip":"::1","level":"error","message":"Request failed","method":"POST","path":"/wallet","requestId":"6101c3ff4b567c88e1aa1ab5663a8e18","service":"hd-wallet-api","statusCode":500,"suspicious":false,"timestamp":"2026-01-27 12:02:49"}
{"duration":2,"ip":"::1","level":"warn","message":"Request error","method":"POST","path":"/wallet","requestId":"6a99bae1816418f5cb8c902e46293711","service":"hd-wallet-api","statusCode":400,"suspicious":false,"timestamp":"2026-01-27 12:04:15"}
{"duration":32,"ip":"::1","level":"error","message":"Request failed","method":"POST","path":"/wallet","requestId":"1a39353e1526ec5066947440f7afc6c4","service":"hd-wallet-api","statusCode":500,"suspicious":false,"timestamp":"2026-01-27 12:08:48"}
{"duration":57,"ip":"::1","level":"error","message":"Request failed","method":"POST","path":"/wallet","requestId":"c3517e1107bda77f2a13fef41e626926","service":"hd-wallet-api","statusCode":500,"suspicious":false,"timestamp":"2026-01-27 12:11:36"}
{"duration":44,"ip":"::1","level":"error","message":"Request failed","method":"POST","path":"/wallet","requestId":"9ca600212723720e4271fc07882e5505","service":"hd-wallet-api","statusCode":500,"suspicious":false,"timestamp":"2026-01-27 12:13:01"}
{"duration":94596,"ip":"::1","level":"error","message":"Request failed","method":"POST","path":"/wallet","requestId":"fdd7038e7ffabd37ddc3a54ef1351792","service":"hd-wallet-api","statusCode":500,"suspicious":false,"timestamp":"2026-01-27 12:15:06"}
{"duration":18,"ip":"::1","level":"error","message":"Request failed","method":"POST","path":"/wallet","requestId":"d8837a21a9e85bed47eb8e5ee0c488ef","service":"hd-wallet-api","statusCode":500,"suspicious":false,"timestamp":"2026-01-27 12:33:40"}
{"duration":15,"ip":"::1","level":"error","message":"Request failed","method":"POST","path":"/wallet","requestId":"ca1d437537c0c81fb4705419c62a4894","service":"hd-wallet-api","statusCode":500,"suspicious":false,"timestamp":"2026-01-27 12:34:21"}
{"duration":60,"ip":"::1","level":"error","message":"Request failed","method":"POST","path":"/wallet","requestId":"ed4c5aa92756fa42953910bad89c99cb","service":"hd-wallet-api","statusCode":500,"suspicious":false,"timestamp":"2026-01-27 12:40:34"}
{"duration":65,"ip":"::1","level":"error","message":"Request failed","method":"POST","path":"/wallet","requestId":"2969ff091d0a1e70d5b605baef4ec8b7","service":"hd-wallet-api","statusCode":500,"suspicious":false,"timestamp":"2026-01-27 12:44:43"}
{"duration":17,"ip":"::1","level":"error","message":"Request failed","method":"POST","path":"/wallet","requestId":"d7f6277245b72ecac29c34ba79ab795a","service":"hd-wallet-api","statusCode":500,"suspicious":false,"timestamp":"2026-01-27 12:45:37"}
{"duration":69,"ip":"::1","level":"error","message":"Request failed","method":"POST","path":"/wallet","requestId":"8ed3089196bef73974536bab32cd01c6","service":"hd-wallet-api","statusCode":500,"suspicious":false,"timestamp":"2026-01-27 13:13:44"}
{"duration":53,"ip":"::1","level":"error","message":"Request failed","method":"POST","path":"/wallet","requestId":"85178ffce7cdc3fa9d4e55c7ccd7e54b","service":"hd-wallet-api","statusCode":500,"suspicious":false,"timestamp":"2026-01-27 13:17:22"}
{"duration":5,"ip":"::1","level":"error","message":"Request failed","method":"POST","path":"/wallet","requestId":"1e1352c213ca6d0f5051444a3a58777d","service":"hd-wallet-api","statusCode":500,"suspicious":false,"timestamp":"2026-01-27 13:18:21"}
{"duration":107,"ip":"::1","level":"error","message":"Request failed","method":"POST","path":"/wallet","requestId":"8c070f3d64bb6c80eab6e06a8418959b","service":"hd-wallet-api","statusCode":500,"suspicious":false,"timestamp":"2026-01-27 13:20:52"}
{"duration":98,"ip":"::1","level":"error","message":"Request failed","method":"POST","path":"/wallet","requestId":"b56aa3b4a48a9ed163f182170af4e475","service":"hd-wallet-api","statusCode":500,"suspicious":false,"timestamp":"2026-01-27 13:21:23"}
{"duration":114,"ip":"::1","level":"error","message":"Request failed","method":"POST","path":"/wallet","requestId":"2630026a3b882c68e96cc0ccaaf354da","service":"hd-wallet-api","statusCode":500,"suspicious":false,"timestamp":"2026-01-27 17:00:22"}
{"duration":81,"ip":"::1","level":"error","message":"Request failed","method":"POST","path":"/wallet","requestId":"c40a8fa07ab8b010ca055aed98928d9a","service":"hd-wallet-api","statusCode":500,"suspicious":false,"timestamp":"2026-01-27 17:05:49"}
{"duration":176695,"ip":"::1","level":"error","message":"Request failed","method":"POST","path":"/wallet","requestId":"119514c0306dd0e90def34981a17ea44","service":"hd-wallet-api","statusCode":500,"suspicious":false,"timestamp":"2026-01-27 17:09:43"}
{"duration":20,"ip":"::1","level":"error","message":"Request failed","method":"POST","path":"/wallet","requestId":"1149ea65fd29ec05ba76b696e9289018","service":"hd-wallet-api","statusCode":500,"suspicious":false,"timestamp":"2026-01-27 17:10:18"}
{"duration":54,"ip":"::1","level":"error","message":"Request failed","method":"POST","path":"/wallet","requestId":"faefea191416249582b21e3e475176ac","service":"hd-wallet-api","statusCode":500,"suspicious":false,"timestamp":"2026-01-27 17:10:37"}
{"duration":173,"ip":"::1","level":"error","message":"Request failed","method":"POST","path":"/wallet","requestId":"f7405c9283498bd8373e72c5cf2ea396","service":"hd-wallet-api","statusCode":500,"suspicious":false,"timestamp":"2026-01-27 17:11:45"}
{"duration":17,"ip":"::1","level":"error","message":"Request failed","method":"POST","path":"/wallet","requestId":"171c7975f30caad6c2b2db8fd0d497c4","service":"hd-wallet-api","statusCode":500,"suspicious":false,"timestamp":"2026-01-27 17:12:45"}
{"duration":71,"ip":"::1","level":"error","message":"Request failed","method":"POST","path":"/wallet","requestId":"31c13a0a10ec2653e6445af8d93b02fa","service":"hd-wallet-api","statusCode":500,"suspicious":false,"timestamp":"2026-01-27 17:17:40"}
{"duration":55,"ip":"::1","level":"error","message":"Request failed","method":"POST","path":"/wallet","requestId":"bcf0de2c582c7ccc8233bc60f6835144","service":"hd-wallet-api","statusCode":500,"suspicious":false,"timestamp":"2026-01-27 17:18:17"}
{"duration":398275,"ip":"::1","level":"error","message":"Request failed","method":"POST","path":"/wallet","requestId":"754e88d5e8ac917c738db12b9a8f8d8f","service":"hd-wallet-api","statusCode":500,"suspicious":false,"timestamp":"2026-01-27 17:38:24"}
{"duration":241,"ip":"::1","level":"error","message":"Request failed","method":"POST","path":"/wallet","requestId":"27a86d1f77513d3a31720ea083e82b95","service":"hd-wallet-api","statusCode":500,"suspicious":false,"timestamp":"2026-01-27 18:07:43"}
{"duration":26,"ip":"::1","level":"error","message":"Request failed","method":"POST","path":"/wallet","requestId":"69519730d5b9814d245106b2c125a1b3","service":"hd-wallet-api","statusCode":500,"suspicious":false,"timestamp":"2026-01-27 18:52:25"}
{"duration":22,"ip":"::1","level":"error","message":"Request failed","method":"POST","path":"/wallet","requestId":"1cd957ccde320e64fa8112d7242b6084","service":"hd-wallet-api","statusCode":500,"suspicious":false,"timestamp":"2026-01-27 18:53:04"}
{"duration":5,"ip":"::1","level":"error","message":"Request failed","method":"POST","path":"/wallet","requestId":"72b7578959acd2e206d8323b41e77e39","service":"hd-wallet-api","statusCode":500,"suspicious":false,"timestamp":"2026-01-27 18:54:30"}
{"duration":71,"ip":"::1","level":"error","message":"Request failed","method":"POST","path":"/wallet","requestId":"e5dd8517adcf580be500e4f978cadc06","service":"hd-wallet-api","statusCode":500,"suspicious":false,"timestamp":"2026-01-27 18:55:02"}
{"duration":21,"ip":"::1","level":"error","message":"Request failed","method":"POST","path":"/wallet","requestId":"d538fd4fe5ce706d3505c1c0521bb84c","service":"hd-wallet-api","statusCode":500,"suspicious":false,"timestamp":"2026-01-27 18:57:54"}
{"duration":28,"ip":"::1","level":"warn","message":"Request error","method":"POST","path":"/wallet","requestId":"10a72aee50ae792226c30848e9c0eb69","service":"hd-wallet-api","statusCode":400,"suspicious":false,"timestamp":"2026-01-27 19:09:05"}
{"duration":24,"ip":"::1","level":"warn","message":"Request error","method":"POST","path":"/wallet","requestId":"2d8c6a5a624d9ca2e8f67186d391de8a","service":"hd-wallet-api","statusCode":400,"suspicious":false,"timestamp":"2026-01-27 19:10:00"}
{"duration":27,"ip":"::1","level":"warn","message":"Request error","method":"POST","path":"/wallet","requestId":"a2fe263219cc29e73e279f15963ce7d2","service":"hd-wallet-api","statusCode":400,"suspicious":false,"timestamp":"2026-01-27 19:11:25"}
{"duration":7,"ip":"::1","level":"warn","message":"Request error","method":"POST","path":"/wallet","requestId":"10339d9864897d98513d886c196977ed","service":"hd-wallet-api","statusCode":400,"suspicious":false,"timestamp":"2026-01-27 19:11:35"}
{"duration":87,"ip":"::1","level":"error","message":"Request failed","method":"POST","path":"/wallet","requestId":"2e50a74c6fd1d7a7f128a65ff756056b","service":"hd-wallet-api","statusCode":500,"suspicious":false,"timestamp":"2026-02-03 15:19:18"}
{"duration":102,"ip":"::1","level":"error","message":"Request failed","method":"POST","path":"/transfer","requestId":"38a3d5461094c3fcf5edb0eca04e3fd1","service":"hd-wallet-api","statusCode":500,"suspicious":false,"timestamp":"2026-02-03 16:26:53"}
{"level":"warn","message":"Auto-flush skipped: No active hot wallet for EVM","service":"hd-wallet-api","timestamp":"2026-02-04 10:45:45"}
{"level":"warn","message":"Auto-flush skipped: No active hot wallet for SOLANA","service":"hd-wallet-api","timestamp":"2026-02-04 10:45:45"}
{"level":"warn","message":"Auto-flush skipped: No active hot wallet for EVM","service":"hd-wallet-api","timestamp":"2026-02-04 10:47:32"}
{"level":"warn","message":"Auto-flush skipped: No active hot wallet for SOLANA","service":"hd-wallet-api","timestamp":"2026-02-04 10:47:32"}
{"level":"warn","message":"Auto-flush aborted: No active hot wallet for EVM","service":"hd-wallet-api","timestamp":"2026-02-04 10:50:27"}
{"level":"warn","message":"Auto-flush aborted: No active hot wallet for SOLANA","service":"hd-wallet-api","timestamp":"2026-02-04 10:50:28"}
{"level":"warn","message":"Auto-flush aborted: No active hot wallet for EVM","service":"hd-wallet-api","timestamp":"2026-02-04 10:50:34"}
{"level":"warn","message":"Auto-flush aborted: No active hot wallet for SOLANA","service":"hd-wallet-api","timestamp":"2026-02-04 10:50:34"}
{"level":"warn","message":"Auto-flush aborted: No active hot wallet for EVM","service":"hd-wallet-api","timestamp":"2026-02-04 10:50:41"}
{"level":"warn","message":"Auto-flush aborted: No active hot wallet for SOLANA","service":"hd-wallet-api","timestamp":"2026-02-04 10:50:41"}
{"level":"warn","message":"Auto-flush aborted: No active hot wallet for EVM","service":"hd-wallet-api","timestamp":"2026-02-04 10:50:48"}
{"level":"warn","message":"Auto-flush aborted: No active hot wallet for SOLANA","service":"hd-wallet-api","timestamp":"2026-02-04 10:50:48"}
{"level":"warn","message":"Auto-flush aborted: No active hot wallet for EVM","service":"hd-wallet-api","timestamp":"2026-02-04 10:50:56"}
{"level":"warn","message":"Auto-flush aborted: No active hot wallet for SOLANA","service":"hd-wallet-api","timestamp":"2026-02-04 10:50:56"}
{"level":"warn","message":"Auto-flush aborted: No active hot wallet for EVM","service":"hd-wallet-api","timestamp":"2026-02-04 10:51:19"}
{"level":"warn","message":"Auto-flush aborted: No active hot wallet for SOLANA","service":"hd-wallet-api","timestamp":"2026-02-04 10:51:19"}
