{"ip":"::1","level":"info","message":"Incoming request","method":"GET","path":"/api/fetch-transfers","requestId":"aace11a0cf2740241a483878b3d813b5","service":"hd-wallet-api","timestamp":"2026-01-26 17:10:28","userAgent":"Mozilla/5.0 (Windows NT 10.0; Win64; x64) AppleWebKit/537.36 (KHTML, like Gecko) Chrome/143.0.0.0 Safari/537.36"}
{"ip":"::1","level":"warn","message":"Route not found","method":"GET","path":"/api/fetch-transfers","service":"hd-wallet-api","timestamp":"2026-01-26 17:10:28"}
{"level":"info","message":"::1 - - [26/Jan/2026:12:10:28 +0000] \"GET /api/fetch-transfers HTTP/1.1\" 404 74 \"-\" \"Mozilla/5.0 (Windows NT 10.0; Win64; x64) AppleWebKit/537.36 (KHTML, like Gecko) Chrome/143.0.0.0 Safari/537.36\"","service":"hd-wallet-api","timestamp":"2026-01-26 17:10:28"}
{"duration":24,"ip":"::1","level":"warn","message":"Request error","method":"GET","path":"/api/fetch-transfers","requestId":"aace11a0cf2740241a483878b3d813b5","service":"hd-wallet-api","statusCode":404,"suspicious":false,"timestamp":"2026-01-26 17:10:28"}
{"ip":"::1","level":"info","message":"Incoming request","method":"GET","path":"/favicon.ico","requestId":"9e1d72a401c7aa1f37ab37368178f115","service":"hd-wallet-api","timestamp":"2026-01-26 17:10:29","userAgent":"Mozilla/5.0 (Windows NT 10.0; Win64; x64) AppleWebKit/537.36 (KHTML, like Gecko) Chrome/143.0.0.0 Safari/537.36"}
{"ip":"::1","level":"warn","message":"Route not found","method":"GET","path":"/favicon.ico","service":"hd-wallet-api","timestamp":"2026-01-26 17:10:29"}
{"level":"info","message":"::1 - - [26/Jan/2026:12:10:29 +0000] \"GET /favicon.ico HTTP/1.1\" 404 66 \"http://localhost:3000/api/fetch-transfers\" \"Mozilla/5.0 (Windows NT 10.0; Win64; x64) AppleWebKit/537.36 (KHTML, like Gecko) Chrome/143.0.0.0 Safari/537.36\"","service":"hd-wallet-api","timestamp":"2026-01-26 17:10:29"}
{"duration":4,"ip":"::1","level":"warn","message":"Request error","method":"GET","path":"/favicon.ico","requestId":"9e1d72a401c7aa1f37ab37368178f115","service":"hd-wallet-api","statusCode":404,"suspicious":false,"timestamp":"2026-01-26 17:10:29"}
{"ip":"::1","level":"info","message":"Incoming request","method":"GET","path":"/","requestId":"349ab5264471b4fde54ee15c6a02613a","service":"hd-wallet-api","timestamp":"2026-01-26 17:10:34","userAgent":"Mozilla/5.0 (Windows NT 10.0; Win64; x64) AppleWebKit/537.36 (KHTML, like Gecko) Chrome/143.0.0.0 Safari/537.36"}
{"ip":"::1","level":"warn","message":"Route not found","method":"GET","path":"/","service":"hd-wallet-api","timestamp":"2026-01-26 17:10:34"}
{"level":"info","message":"::1 - - [26/Jan/2026:12:10:34 +0000] \"GET / HTTP/1.1\" 404 55 \"-\" \"Mozilla/5.0 (Windows NT 10.0; Win64; x64) AppleWebKit/537.36 (KHTML, like Gecko) Chrome/143.0.0.0 Safari/537.36\"","service":"hd-wallet-api","timestamp":"2026-01-26 17:10:34"}
{"duration":3,"ip":"::1","level":"warn","message":"Request error","method":"GET","path":"/","requestId":"349ab5264471b4fde54ee15c6a02613a","service":"hd-wallet-api","statusCode":404,"suspicious":false,"timestamp":"2026-01-26 17:10:34"}
{"ip":"::1","level":"info","message":"Incoming request","method":"GET","path":"/","requestId":"01caced592716df352c8b870d112e779","service":"hd-wallet-api","timestamp":"2026-01-26 17:11:18","userAgent":"Mozilla/5.0 (Windows NT 10.0; Win64; x64) AppleWebKit/537.36 (KHTML, like Gecko) Chrome/143.0.0.0 Safari/537.36"}
{"ip":"::1","level":"warn","message":"Route not found","method":"GET","path":"/","service":"hd-wallet-api","timestamp":"2026-01-26 17:11:18"}
{"level":"info","message":"::1 - - [26/Jan/2026:12:11:18 +0000] \"GET / HTTP/1.1\" 404 55 \"-\" \"Mozilla/5.0 (Windows NT 10.0; Win64; x64) AppleWebKit/537.36 (KHTML, like Gecko) Chrome/143.0.0.0 Safari/537.36\"","service":"hd-wallet-api","timestamp":"2026-01-26 17:11:18"}
{"duration":14,"ip":"::1","level":"warn","message":"Request error","method":"GET","path":"/","requestId":"01caced592716df352c8b870d112e779","service":"hd-wallet-api","statusCode":404,"suspicious":false,"timestamp":"2026-01-26 17:11:18"}
{"ip":"::1","level":"info","message":"Incoming request","method":"GET","path":"/health","requestId":"738596ab9ab6fce30ffed5185468fb8b","service":"hd-wallet-api","timestamp":"2026-01-26 17:13:25","userAgent":"Mozilla/5.0 (Windows NT 10.0; Win64; x64) AppleWebKit/537.36 (KHTML, like Gecko) Chrome/143.0.0.0 Safari/537.36"}
{"level":"info","message":"::1 - - [26/Jan/2026:12:13:25 +0000] \"GET /health HTTP/1.1\" 200 144 \"-\" \"Mozilla/5.0 (Windows NT 10.0; Win64; x64) AppleWebKit/537.36 (KHTML, like Gecko) Chrome/143.0.0.0 Safari/537.36\"","service":"hd-wallet-api","timestamp":"2026-01-26 17:13:25"}
{"duration":67,"ip":"::1","level":"info","message":"Request completed","method":"GET","path":"/health","requestId":"738596ab9ab6fce30ffed5185468fb8b","service":"hd-wallet-api","statusCode":200,"suspicious":false,"timestamp":"2026-01-26 17:13:25"}
{"ip":"::1","level":"info","message":"Incoming request","method":"GET","path":"/health","requestId":"56345dc5dba5ba80990c6048f40e946e","service":"hd-wallet-api","timestamp":"2026-01-26 17:14:10","userAgent":"Mozilla/5.0 (Windows NT 10.0; Win64; x64) AppleWebKit/537.36 (KHTML, like Gecko) Chrome/143.0.0.0 Safari/537.36"}
{"duration":21,"ip":"::1","level":"info","message":"Request completed","method":"GET","path":"/health","requestId":"56345dc5dba5ba80990c6048f40e946e","service":"hd-wallet-api","statusCode":200,"suspicious":false,"timestamp":"2026-01-26 17:14:10"}
{"ip":"::1","level":"info","message":"Incoming request","method":"GET","path":"/","requestId":"908f6fb11cbbe180af89da722e42202d","service":"hd-wallet-api","timestamp":"2026-01-26 17:14:54","userAgent":"Mozilla/5.0 (Windows NT 10.0; Win64; x64) AppleWebKit/537.36 (KHTML, like Gecko) Chrome/143.0.0.0 Safari/537.36"}
{"ip":"::1","level":"warn","message":"Route not found","method":"GET","path":"/","service":"hd-wallet-api","timestamp":"2026-01-26 17:14:54"}
{"duration":21,"ip":"::1","level":"warn","message":"Request error","method":"GET","path":"/","requestId":"908f6fb11cbbe180af89da722e42202d","service":"hd-wallet-api","statusCode":404,"suspicious":false,"timestamp":"2026-01-26 17:14:54"}
{"ip":"::1","level":"info","message":"Incoming request","method":"GET","path":"/health","requestId":"a1d2e483cc0a792515d01bb6baa69d58","service":"hd-wallet-api","timestamp":"2026-01-26 17:15:06","userAgent":"Mozilla/5.0 (Windows NT 10.0; Win64; x64) AppleWebKit/537.36 (KHTML, like Gecko) Chrome/143.0.0.0 Safari/537.36"}
{"duration":4,"ip":"::1","level":"info","message":"Request completed","method":"GET","path":"/health","requestId":"a1d2e483cc0a792515d01bb6baa69d58","service":"hd-wallet-api","statusCode":200,"suspicious":false,"timestamp":"2026-01-26 17:15:06"}
{"ip":"::1","level":"info","message":"Incoming request","method":"GET","path":"/api/v1/users","requestId":"98b3fbcc5a3eb19f059339b2dc400aaf","service":"hd-wallet-api","timestamp":"2026-01-26 17:15:33","userAgent":"Mozilla/5.0 (Windows NT 10.0; Win64; x64) AppleWebKit/537.36 (KHTML, like Gecko) Chrome/143.0.0.0 Safari/537.36"}
{"ip":"::1","level":"warn","message":"Authentication failed: No token provided","path":"/","service":"hd-wallet-api","timestamp":"2026-01-26 17:15:33"}
{"duration":5,"ip":"::1","level":"warn","message":"Request error","method":"GET","path":"/","requestId":"98b3fbcc5a3eb19f059339b2dc400aaf","service":"hd-wallet-api","statusCode":401,"suspicious":false,"timestamp":"2026-01-26 17:15:33"}
{"ip":"::1","level":"info","message":"Incoming request","method":"POST","path":"/api/v1/auth/register","requestId":"0ed438c7259fdeaab1b4ca5ba3fb046e","service":"hd-wallet-api","timestamp":"2026-01-26 17:30:04","userAgent":"PostmanRuntime/7.49.1"}
{"errors":[{"location":"body","msg":"Password must be at least 8 characters","path":"password","type":"field","value":"4321"},{"location":"body","msg":"Password must contain at least one uppercase letter, one lowercase letter, one number, and one special character (@$!%*?&)","path":"password","type":"field","value":"4321"}],"ip":"::1","level":"warn","message":"Validation failed","path":"/register","service":"hd-wallet-api","timestamp":"2026-01-26 17:30:04"}
{"duration":15,"ip":"::1","level":"warn","message":"Request error","method":"POST","path":"/register","requestId":"0ed438c7259fdeaab1b4ca5ba3fb046e","service":"hd-wallet-api","statusCode":400,"suspicious":false,"timestamp":"2026-01-26 17:30:04"}
{"ip":"::1","level":"info","message":"Incoming request","method":"POST","path":"/api/v1/auth/register","requestId":"ad4f9a1198a99cd4162816f987a35eb1","service":"hd-wallet-api","timestamp":"2026-01-26 17:30:23","userAgent":"PostmanRuntime/7.49.1"}
{"errors":[{"location":"body","msg":"Password must be at least 8 characters","path":"password","type":"field","value":"4321"},{"location":"body","msg":"Password must contain at least one uppercase letter, one lowercase letter, one number, and one special character (@$!%*?&)","path":"password","type":"field","value":"4321"}],"ip":"::1","level":"warn","message":"Validation failed","path":"/register","service":"hd-wallet-api","timestamp":"2026-01-26 17:30:23"}
{"duration":8,"ip":"::1","level":"warn","message":"Request error","method":"POST","path":"/register","requestId":"ad4f9a1198a99cd4162816f987a35eb1","service":"hd-wallet-api","statusCode":400,"suspicious":false,"timestamp":"2026-01-26 17:30:23"}
{"ip":"::1","level":"info","message":"Incoming request","method":"POST","path":"/api/v1/auth/register","requestId":"6f35e5fca0bcef68f572058ea5507e45","service":"hd-wallet-api","timestamp":"2026-01-26 17:32:12","userAgent":"PostmanRuntime/7.49.1"}
{"errors":[{"location":"body","msg":"Password must be at least 8 characters","path":"password","type":"field","value":"Ham432!"}],"ip":"::1","level":"warn","message":"Validation failed","path":"/register","service":"hd-wallet-api","timestamp":"2026-01-26 17:32:12"}
{"duration":4,"ip":"::1","level":"warn","message":"Request error","method":"POST","path":"/register","requestId":"6f35e5fca0bcef68f572058ea5507e45","service":"hd-wallet-api","statusCode":400,"suspicious":false,"timestamp":"2026-01-26 17:32:12"}
{"ip":"::1","level":"info","message":"Incoming request","method":"POST","path":"/api/v1/auth/register","requestId":"5253cc6868b01cf091726fcee031e912","service":"hd-wallet-api","timestamp":"2026-01-26 17:33:16","userAgent":"PostmanRuntime/7.49.1"}
{"email":"hammadzia347@gmail.com","error":"column \"password\" of relation \"users\" does not exist","level":"error","message":"Registration error","service":"hd-wallet-api","timestamp":"2026-01-26 17:33:17"}
{"duration":298,"ip":"::1","level":"error","message":"Request failed","method":"POST","path":"/api/v1/auth/register","requestId":"5253cc6868b01cf091726fcee031e912","service":"hd-wallet-api","statusCode":500,"suspicious":false,"timestamp":"2026-01-26 17:33:17"}
{"ip":"::1","level":"info","message":"Incoming request","method":"POST","path":"/api/v1/auth/register","requestId":"a6f5a249e9e64366d8ef22aef6cb0516","service":"hd-wallet-api","timestamp":"2026-01-26 18:20:51","userAgent":"PostmanRuntime/7.51.0"}
{"email":"hammadzia347@gmail.com","error":"column \"password\" of relation \"users\" does not exist","level":"error","message":"Registration error","service":"hd-wallet-api","timestamp":"2026-01-26 18:20:51"}
{"duration":246,"ip":"::1","level":"error","message":"Request failed","method":"POST","path":"/api/v1/auth/register","requestId":"a6f5a249e9e64366d8ef22aef6cb0516","service":"hd-wallet-api","statusCode":500,"suspicious":false,"timestamp":"2026-01-26 18:20:51"}
{"ip":"::1","level":"info","message":"Incoming request","method":"GET","path":"/health","requestId":"9ddb2b8e4b2130f398b0e0a2559a6e4d","service":"hd-wallet-api","timestamp":"2026-01-26 18:25:45","userAgent":"Mozilla/5.0 (Windows NT 10.0; Win64; x64) AppleWebKit/537.36 (KHTML, like Gecko) Chrome/143.0.0.0 Safari/537.36"}
{"duration":75,"ip":"::1","level":"info","message":"Request completed","method":"GET","path":"/health","requestId":"9ddb2b8e4b2130f398b0e0a2559a6e4d","service":"hd-wallet-api","statusCode":200,"suspicious":false,"timestamp":"2026-01-26 18:25:45"}
{"ip":"::1","level":"info","message":"Incoming request","method":"POST","path":"/api/v1/auth/register","requestId":"4e7677a140b8b2fcf012958deb4ba487","service":"hd-wallet-api","timestamp":"2026-01-26 18:32:50","userAgent":"PostmanRuntime/7.51.0"}
{"email":"hammadzia347@gmail.com","ip":"::1","level":"info","message":"User registered","service":"hd-wallet-api","timestamp":"2026-01-26 18:32:50","userId":"ac58ee2d-c54a-4de4-8353-96b7d3688d58"}
{"duration":262,"ip":"::1","level":"info","message":"Request completed","method":"POST","path":"/register","requestId":"4e7677a140b8b2fcf012958deb4ba487","service":"hd-wallet-api","statusCode":201,"suspicious":false,"timestamp":"2026-01-26 18:32:50"}
{"ip":"::1","level":"info","message":"Incoming request","method":"POST","path":"/api/v1/auth/login","requestId":"5a6b0675d8c8aa258090e22ee311507f","service":"hd-wallet-api","timestamp":"2026-01-26 18:38:04","userAgent":"PostmanRuntime/7.51.0"}
{"email":"hammadzia347@gmail.com","error":"column \"is_active\" does not exist","level":"error","message":"Login error","service":"hd-wallet-api","timestamp":"2026-01-26 18:38:04"}
{"duration":59,"ip":"::1","level":"error","message":"Request failed","method":"POST","path":"/api/v1/auth/login","requestId":"5a6b0675d8c8aa258090e22ee311507f","service":"hd-wallet-api","statusCode":500,"suspicious":false,"timestamp":"2026-01-26 18:38:04"}
{"ip":"::1","level":"info","message":"Incoming request","method":"POST","path":"/api/v1/auth/login","requestId":"a5e638b6517b2b48142b5aba61e92483","service":"hd-wallet-api","timestamp":"2026-01-26 18:39:27","userAgent":"PostmanRuntime/7.51.0"}
{"email":"hammadzia347@gmail.com","error":"column \"is_active\" does not exist","level":"error","message":"Login error","service":"hd-wallet-api","timestamp":"2026-01-26 18:39:27"}
{"duration":29,"ip":"::1","level":"error","message":"Request failed","method":"POST","path":"/api/v1/auth/login","requestId":"a5e638b6517b2b48142b5aba61e92483","service":"hd-wallet-api","statusCode":500,"suspicious":false,"timestamp":"2026-01-26 18:39:27"}
{"ip":"::1","level":"info","message":"Incoming request","method":"POST","path":"/api/v1/auth/login","requestId":"690d9330053eba457da854d950e21fda","service":"hd-wallet-api","timestamp":"2026-01-26 18:41:09","userAgent":"PostmanRuntime/7.51.0"}
{"email":"hammadzia347@gmail.com","error":"column \"is_active\" does not exist","level":"error","message":"Login error","service":"hd-wallet-api","timestamp":"2026-01-26 18:41:09"}
{"duration":75,"ip":"::1","level":"error","message":"Request failed","method":"POST","path":"/api/v1/auth/login","requestId":"690d9330053eba457da854d950e21fda","service":"hd-wallet-api","statusCode":500,"suspicious":false,"timestamp":"2026-01-26 18:41:09"}
{"ip":"::1","level":"info","message":"Incoming request","method":"POST","path":"/api/v1/auth/login","requestId":"a9528c3e91ba82c998ca00878148eb03","service":"hd-wallet-api","timestamp":"2026-01-26 18:43:35","userAgent":"PostmanRuntime/7.51.0"}
{"email":"hammadzia347@gmail.com","error":"relation \"login_attempts\" does not exist","level":"error","message":"Login error","service":"hd-wallet-api","timestamp":"2026-01-26 18:43:36"}
{"duration":337,"ip":"::1","level":"error","message":"Request failed","method":"POST","path":"/api/v1/auth/login","requestId":"a9528c3e91ba82c998ca00878148eb03","service":"hd-wallet-api","statusCode":500,"suspicious":false,"timestamp":"2026-01-26 18:43:36"}
{"ip":"::1","level":"info","message":"Incoming request","method":"POST","path":"/api/v1/auth/login","requestId":"af32fb135e6c5092734de76200332508","service":"hd-wallet-api","timestamp":"2026-01-26 18:43:55","userAgent":"PostmanRuntime/7.51.0"}
{"email":"hammadzia347@gmail.com","error":"relation \"login_attempts\" does not exist","level":"error","message":"Login error","service":"hd-wallet-api","timestamp":"2026-01-26 18:43:55"}
{"duration":251,"ip":"::1","level":"error","message":"Request failed","method":"POST","path":"/api/v1/auth/login","requestId":"af32fb135e6c5092734de76200332508","service":"hd-wallet-api","statusCode":500,"suspicious":false,"timestamp":"2026-01-26 18:43:55"}
{"ip":"::1","level":"info","message":"Incoming request","method":"POST","path":"/api/v1/auth/login","requestId":"c8c1574c11b413ac56a9fb4a069ea37a","service":"hd-wallet-api","timestamp":"2026-01-26 18:48:21","userAgent":"PostmanRuntime/7.51.0"}
{"email":"hammadzia347@gmail.com","ip":"::1","level":"info","message":"User logged in","service":"hd-wallet-api","timestamp":"2026-01-26 18:48:22","userId":"ac58ee2d-c54a-4de4-8353-96b7d3688d58"}
{"duration":242,"ip":"::1","level":"info","message":"Request completed","method":"POST","path":"/login","requestId":"c8c1574c11b413ac56a9fb4a069ea37a","service":"hd-wallet-api","statusCode":200,"suspicious":false,"timestamp":"2026-01-26 18:48:22"}
{"ip":"::1","level":"info","message":"Incoming request","method":"POST","path":"/api/v1/auth/login","requestId":"6c263cb89d584bcc957e490307f84e66","service":"hd-wallet-api","timestamp":"2026-01-26 18:51:31","userAgent":"PostmanRuntime/7.51.0"}
{"email":"hammadzia347@gmail.com","ip":"::1","level":"info","message":"User logged in","service":"hd-wallet-api","timestamp":"2026-01-26 18:51:31","userId":"ac58ee2d-c54a-4de4-8353-96b7d3688d58"}
{"duration":342,"ip":"::1","level":"info","message":"Request completed","method":"POST","path":"/login","requestId":"6c263cb89d584bcc957e490307f84e66","service":"hd-wallet-api","statusCode":200,"suspicious":false,"timestamp":"2026-01-26 18:51:31"}
{"ip":"::1","level":"info","message":"Incoming request","method":"POST","path":"/api/v1/auth/logout","requestId":"c776d07f5f44d6c544849e89679f11c0","service":"hd-wallet-api","timestamp":"2026-01-26 18:55:22","userAgent":"PostmanRuntime/7.51.0"}
{"ip":"::1","level":"warn","message":"Authentication failed: No token provided","path":"/logout","service":"hd-wallet-api","timestamp":"2026-01-26 18:55:22"}
{"duration":4,"ip":"::1","level":"warn","message":"Request error","method":"POST","path":"/logout","requestId":"c776d07f5f44d6c544849e89679f11c0","service":"hd-wallet-api","statusCode":401,"suspicious":false,"timestamp":"2026-01-26 18:55:22"}
{"ip":"::1","level":"info","message":"Incoming request","method":"POST","path":"/api/v1/auth/logout/%20%20%20%20%20%20%20%20eyJhbGciOiJIUzI1NiIsInR5cCI6IkpXVCJ9.eyJpZCI6ImFjNThlZTJkLWM1NGEtNGRlNC04MzUzLTk2YjdkMzY4OGQ1OCIsImVtYWlsIjoiaGFtbWFkemlhMzQ3QGdtYWlsLmNvbSIsInJvbGUiOiJ1c2VyIiwiaWF0IjoxNzY5NDM1NDkxLCJleHAiOjE3Njk1MjE4OTEsImF1ZCI6ImhkLXdhbGxldC1jbGllbnQiLCJpc3MiOiJoZC13YWxsZXQtYXBpIn0.A-s0jKpSNN9ir_yRGQGZHewLKgBDwxOhSUYBbsFZy68","requestId":"1a9340142379c41b2a9bd73b89adfce8","service":"hd-wallet-api","timestamp":"2026-01-26 18:57:01","userAgent":"PostmanRuntime/7.51.0"}
{"ip":"::1","level":"warn","message":"Route not found","method":"POST","path":"/api/v1/auth/logout/%20%20%20%20%20%20%20%20eyJhbGciOiJIUzI1NiIsInR5cCI6IkpXVCJ9.eyJpZCI6ImFjNThlZTJkLWM1NGEtNGRlNC04MzUzLTk2YjdkMzY4OGQ1OCIsImVtYWlsIjoiaGFtbWFkemlhMzQ3QGdtYWlsLmNvbSIsInJvbGUiOiJ1c2VyIiwiaWF0IjoxNzY5NDM1NDkxLCJleHAiOjE3Njk1MjE4OTEsImF1ZCI6ImhkLXdhbGxldC1jbGllbnQiLCJpc3MiOiJoZC13YWxsZXQtYXBpIn0.A-s0jKpSNN9ir_yRGQGZHewLKgBDwxOhSUYBbsFZy68","service":"hd-wallet-api","timestamp":"2026-01-26 18:57:01"}
{"duration":36,"ip":"::1","level":"warn","message":"Request error","method":"POST","path":"/api/v1/auth/logout/%20%20%20%20%20%20%20%20eyJhbGciOiJIUzI1NiIsInR5cCI6IkpXVCJ9.eyJpZCI6ImFjNThlZTJkLWM1NGEtNGRlNC04MzUzLTk2YjdkMzY4OGQ1OCIsImVtYWlsIjoiaGFtbWFkemlhMzQ3QGdtYWlsLmNvbSIsInJvbGUiOiJ1c2VyIiwiaWF0IjoxNzY5NDM1NDkxLCJleHAiOjE3Njk1MjE4OTEsImF1ZCI6ImhkLXdhbGxldC1jbGllbnQiLCJpc3MiOiJoZC13YWxsZXQtYXBpIn0.A-s0jKpSNN9ir_yRGQGZHewLKgBDwxOhSUYBbsFZy68","requestId":"1a9340142379c41b2a9bd73b89adfce8","service":"hd-wallet-api","statusCode":404,"suspicious":false,"timestamp":"2026-01-26 18:57:01"}
{"ip":"::1","level":"info","message":"Incoming request","method":"POST","path":"/api/v1/auth/%20%20%20%20%20%20%20%20eyJhbGciOiJIUzI1NiIsInR5cCI6IkpXVCJ9.eyJpZCI6ImFjNThlZTJkLWM1NGEtNGRlNC04MzUzLTk2YjdkMzY4OGQ1OCIsImVtYWlsIjoiaGFtbWFkemlhMzQ3QGdtYWlsLmNvbSIsInJvbGUiOiJ1c2VyIiwiaWF0IjoxNzY5NDM1NDkxLCJleHAiOjE3Njk1MjE4OTEsImF1ZCI6ImhkLXdhbGxldC1jbGllbnQiLCJpc3MiOiJoZC13YWxsZXQtYXBpIn0.A-s0jKpSNN9ir_yRGQGZHewLKgBDwxOhSUYBbsFZy68/logout","requestId":"8abe6cc6a6e59fc34fa9e287ba0570e8","service":"hd-wallet-api","timestamp":"2026-01-26 18:57:15","userAgent":"PostmanRuntime/7.51.0"}
{"ip":"::1","level":"warn","message":"Route not found","method":"POST","path":"/api/v1/auth/%20%20%20%20%20%20%20%20eyJhbGciOiJIUzI1NiIsInR5cCI6IkpXVCJ9.eyJpZCI6ImFjNThlZTJkLWM1NGEtNGRlNC04MzUzLTk2YjdkMzY4OGQ1OCIsImVtYWlsIjoiaGFtbWFkemlhMzQ3QGdtYWlsLmNvbSIsInJvbGUiOiJ1c2VyIiwiaWF0IjoxNzY5NDM1NDkxLCJleHAiOjE3Njk1MjE4OTEsImF1ZCI6ImhkLXdhbGxldC1jbGllbnQiLCJpc3MiOiJoZC13YWxsZXQtYXBpIn0.A-s0jKpSNN9ir_yRGQGZHewLKgBDwxOhSUYBbsFZy68/logout","service":"hd-wallet-api","timestamp":"2026-01-26 18:57:15"}
{"duration":3,"ip":"::1","level":"warn","message":"Request error","method":"POST","path":"/api/v1/auth/%20%20%20%20%20%20%20%20eyJhbGciOiJIUzI1NiIsInR5cCI6IkpXVCJ9.eyJpZCI6ImFjNThlZTJkLWM1NGEtNGRlNC04MzUzLTk2YjdkMzY4OGQ1OCIsImVtYWlsIjoiaGFtbWFkemlhMzQ3QGdtYWlsLmNvbSIsInJvbGUiOiJ1c2VyIiwiaWF0IjoxNzY5NDM1NDkxLCJleHAiOjE3Njk1MjE4OTEsImF1ZCI6ImhkLXdhbGxldC1jbGllbnQiLCJpc3MiOiJoZC13YWxsZXQtYXBpIn0.A-s0jKpSNN9ir_yRGQGZHewLKgBDwxOhSUYBbsFZy68/logout","requestId":"8abe6cc6a6e59fc34fa9e287ba0570e8","service":"hd-wallet-api","statusCode":404,"suspicious":false,"timestamp":"2026-01-26 18:57:15"}
{"ip":"::1","level":"info","message":"Incoming request","method":"POST","path":"/api/v1/auth/logout","requestId":"f5c72e9cb9a6823b374342794e700e0e","service":"hd-wallet-api","timestamp":"2026-01-26 18:58:11","userAgent":"PostmanRuntime/7.51.0"}
{"ip":"::1","level":"warn","message":"Authentication failed: No token provided","path":"/logout","service":"hd-wallet-api","timestamp":"2026-01-26 18:58:11"}
{"duration":2,"ip":"::1","level":"warn","message":"Request error","method":"POST","path":"/logout","requestId":"f5c72e9cb9a6823b374342794e700e0e","service":"hd-wallet-api","statusCode":401,"suspicious":false,"timestamp":"2026-01-26 18:58:11"}
{"ip":"::1","level":"info","message":"Incoming request","method":"POST","path":"/api/v1/auth/logout","requestId":"c9d4609e3c8e5444fcc741db3b95e626","service":"hd-wallet-api","timestamp":"2026-01-26 18:58:52","userAgent":"PostmanRuntime/7.51.0"}
{"error":"invalid signature","ip":"::1","level":"warn","message":"Authentication failed: Invalid token","service":"hd-wallet-api","timestamp":"2026-01-26 18:58:52"}
{"duration":4,"ip":"::1","level":"warn","message":"Request error","method":"POST","path":"/logout","requestId":"c9d4609e3c8e5444fcc741db3b95e626","service":"hd-wallet-api","statusCode":401,"suspicious":false,"timestamp":"2026-01-26 18:58:52"}
{"ip":"::1","level":"info","message":"Incoming request","method":"POST","path":"/api/v1/auth/logout","requestId":"96b0433a6203591f7ad4a50259a582e6","service":"hd-wallet-api","timestamp":"2026-01-26 18:59:03","userAgent":"PostmanRuntime/7.51.0"}
{"duration":1,"ip":"::1","level":"warn","message":"Request error","method":"POST","path":"/logout","requestId":"96b0433a6203591f7ad4a50259a582e6","service":"hd-wallet-api","statusCode":401,"suspicious":false,"timestamp":"2026-01-26 18:59:03"}
{"ip":"::1","level":"info","message":"Incoming request","method":"POST","path":"/api/v1/auth/logout","requestId":"5add5de54cb48fc37274a908ad05fe95","service":"hd-wallet-api","timestamp":"2026-01-26 19:08:01","userAgent":"PostmanRuntime/7.51.0"}
{"ip":"::1","level":"info","message":"User authenticated","role":"user","service":"hd-wallet-api","timestamp":"2026-01-26 19:08:01","userId":"ac58ee2d-c54a-4de4-8353-96b7d3688d58"}
{"ip":"::1","level":"info","message":"User logged out","service":"hd-wallet-api","timestamp":"2026-01-26 19:08:01","userId":"ac58ee2d-c54a-4de4-8353-96b7d3688d58"}
{"duration":3,"ip":"::1","level":"info","message":"Request completed","method":"POST","path":"/logout","requestId":"5add5de54cb48fc37274a908ad05fe95","service":"hd-wallet-api","statusCode":200,"suspicious":false,"timestamp":"2026-01-26 19:08:01","userId":"ac58ee2d-c54a-4de4-8353-96b7d3688d58"}
{"ip":"::1","level":"info","message":"Incoming request","method":"POST","path":"/api/v1/auth/register","requestId":"423916cc8149d50a4b310e777dafea5e","service":"hd-wallet-api","timestamp":"2026-01-27 11:33:20","userAgent":"PostmanRuntime/7.51.0"}
{"email":"kogewep566@gxuzi.com","ip":"::1","level":"info","message":"User registered","service":"hd-wallet-api","timestamp":"2026-01-27 11:33:20","userId":"14b31d9e-5bd2-4525-a110-a0ddc8e0dfba"}
{"duration":319,"ip":"::1","level":"info","message":"Request completed","method":"POST","path":"/register","requestId":"423916cc8149d50a4b310e777dafea5e","service":"hd-wallet-api","statusCode":201,"suspicious":false,"timestamp":"2026-01-27 11:33:20"}
{"ip":"::1","level":"info","message":"Incoming request","method":"POST","path":"/api/v1/auth/register","requestId":"12dea2d69f862ff81d8c4bc29ca694b5","service":"hd-wallet-api","timestamp":"2026-01-27 11:35:11","userAgent":"PostmanRuntime/7.51.0"}
{"email":"bicayis140@gxuzi.com","ip":"::1","level":"info","message":"User registered","service":"hd-wallet-api","timestamp":"2026-01-27 11:35:12","userId":"d2c86141-f280-4776-a05d-09f1fa31b44e"}
{"duration":295,"ip":"::1","level":"info","message":"Request completed","method":"POST","path":"/register","requestId":"12dea2d69f862ff81d8c4bc29ca694b5","service":"hd-wallet-api","statusCode":201,"suspicious":false,"timestamp":"2026-01-27 11:35:12"}
{"contentType":"text/plain","ip":"::1","level":"warn","message":"Invalid content type","method":"POST","service":"hd-wallet-api","timestamp":"2026-01-27 11:52:23"}
{"contentType":"text/plain","ip":"::1","level":"warn","message":"Invalid content type","method":"POST","service":"hd-wallet-api","timestamp":"2026-01-27 11:53:04"}
{"contentType":"text/plain","ip":"::1","level":"warn","message":"Invalid content type","method":"POST","service":"hd-wallet-api","timestamp":"2026-01-27 11:53:10"}
{"ip":"::1","level":"info","message":"Incoming request","method":"POST","path":"/api/v1/wallet","requestId":"23f5a85cade57fd3d5fa543be8ae92a6","service":"hd-wallet-api","timestamp":"2026-01-27 11:53:30","userAgent":"PostmanRuntime/7.51.0"}
{"duration":64,"ip":"::1","level":"error","message":"Request failed","method":"POST","path":"/wallet","requestId":"23f5a85cade57fd3d5fa543be8ae92a6","service":"hd-wallet-api","statusCode":500,"suspicious":false,"timestamp":"2026-01-27 11:53:30"}
{"ip":"::1","level":"info","message":"Incoming request","method":"POST","path":"/api/v1/wallet","requestId":"ba704ad5de3122f372250e3d9838be80","service":"hd-wallet-api","timestamp":"2026-01-27 11:56:23","userAgent":"PostmanRuntime/7.51.0"}
{"duration":24,"ip":"::1","level":"error","message":"Request failed","method":"POST","path":"/wallet","requestId":"ba704ad5de3122f372250e3d9838be80","service":"hd-wallet-api","statusCode":500,"suspicious":false,"timestamp":"2026-01-27 11:56:23"}
{"ip":"::1","level":"info","message":"Incoming request","method":"POST","path":"/api/v1/wallet","requestId":"2581ee7144a0b390ac8ea87857c71ca0","service":"hd-wallet-api","timestamp":"2026-01-27 12:00:08","userAgent":"PostmanRuntime/7.51.0"}
{"duration":17,"ip":"::1","level":"error","message":"Request failed","method":"POST","path":"/wallet","requestId":"2581ee7144a0b390ac8ea87857c71ca0","service":"hd-wallet-api","statusCode":500,"suspicious":false,"timestamp":"2026-01-27 12:00:08"}
{"ip":"::1","level":"info","message":"Incoming request","method":"POST","path":"/api/v1/wallet","requestId":"6101c3ff4b567c88e1aa1ab5663a8e18","service":"hd-wallet-api","timestamp":"2026-01-27 12:02:49","userAgent":"PostmanRuntime/7.51.0"}
{"duration":73,"ip":"::1","level":"error","message":"Request failed","method":"POST","path":"/wallet","requestId":"6101c3ff4b567c88e1aa1ab5663a8e18","service":"hd-wallet-api","statusCode":500,"suspicious":false,"timestamp":"2026-01-27 12:02:49"}
{"ip":"::1","level":"info","message":"Incoming request","method":"POST","path":"/api/v1/wallet","requestId":"6a99bae1816418f5cb8c902e46293711","service":"hd-wallet-api","timestamp":"2026-01-27 12:04:15","userAgent":"PostmanRuntime/7.51.0"}
{"duration":2,"ip":"::1","level":"warn","message":"Request error","method":"POST","path":"/wallet","requestId":"6a99bae1816418f5cb8c902e46293711","service":"hd-wallet-api","statusCode":400,"suspicious":false,"timestamp":"2026-01-27 12:04:15"}
{"ip":"::1","level":"info","message":"Incoming request","method":"POST","path":"/api/v1/wallet","requestId":"1a39353e1526ec5066947440f7afc6c4","service":"hd-wallet-api","timestamp":"2026-01-27 12:08:48","userAgent":"PostmanRuntime/7.51.0"}
{"duration":32,"ip":"::1","level":"error","message":"Request failed","method":"POST","path":"/wallet","requestId":"1a39353e1526ec5066947440f7afc6c4","service":"hd-wallet-api","statusCode":500,"suspicious":false,"timestamp":"2026-01-27 12:08:48"}
{"ip":"::1","level":"info","message":"Incoming request","method":"POST","path":"/api/v1/wallet","requestId":"c3517e1107bda77f2a13fef41e626926","service":"hd-wallet-api","timestamp":"2026-01-27 12:11:35","userAgent":"PostmanRuntime/7.51.0"}
{"duration":57,"ip":"::1","level":"error","message":"Request failed","method":"POST","path":"/wallet","requestId":"c3517e1107bda77f2a13fef41e626926","service":"hd-wallet-api","statusCode":500,"suspicious":false,"timestamp":"2026-01-27 12:11:36"}
{"ip":"::1","level":"info","message":"Incoming request","method":"POST","path":"/api/v1/wallet","requestId":"9ca600212723720e4271fc07882e5505","service":"hd-wallet-api","timestamp":"2026-01-27 12:13:01","userAgent":"PostmanRuntime/7.51.0"}
{"duration":44,"ip":"::1","level":"error","message":"Request failed","method":"POST","path":"/wallet","requestId":"9ca600212723720e4271fc07882e5505","service":"hd-wallet-api","statusCode":500,"suspicious":false,"timestamp":"2026-01-27 12:13:01"}
{"ip":"::1","level":"info","message":"Incoming request","method":"POST","path":"/api/v1/wallet","requestId":"fdd7038e7ffabd37ddc3a54ef1351792","service":"hd-wallet-api","timestamp":"2026-01-27 12:13:32","userAgent":"PostmanRuntime/7.51.0"}
{"duration":94596,"ip":"::1","level":"error","message":"Request failed","method":"POST","path":"/wallet","requestId":"fdd7038e7ffabd37ddc3a54ef1351792","service":"hd-wallet-api","statusCode":500,"suspicious":false,"timestamp":"2026-01-27 12:15:06"}
{"ip":"::1","level":"info","message":"Incoming request","method":"POST","path":"/api/v1/wallet","requestId":"d8837a21a9e85bed47eb8e5ee0c488ef","service":"hd-wallet-api","timestamp":"2026-01-27 12:33:40","userAgent":"PostmanRuntime/7.51.0"}
{"duration":18,"ip":"::1","level":"error","message":"Request failed","method":"POST","path":"/wallet","requestId":"d8837a21a9e85bed47eb8e5ee0c488ef","service":"hd-wallet-api","statusCode":500,"suspicious":false,"timestamp":"2026-01-27 12:33:40"}
{"ip":"::1","level":"info","message":"Incoming request","method":"POST","path":"/api/v1/wallet","requestId":"ca1d437537c0c81fb4705419c62a4894","service":"hd-wallet-api","timestamp":"2026-01-27 12:34:21","userAgent":"PostmanRuntime/7.51.0"}
{"duration":15,"ip":"::1","level":"error","message":"Request failed","method":"POST","path":"/wallet","requestId":"ca1d437537c0c81fb4705419c62a4894","service":"hd-wallet-api","statusCode":500,"suspicious":false,"timestamp":"2026-01-27 12:34:21"}
{"ip":"::1","level":"info","message":"Incoming request","method":"POST","path":"/api/v1/wallet","requestId":"ed4c5aa92756fa42953910bad89c99cb","service":"hd-wallet-api","timestamp":"2026-01-27 12:40:34","userAgent":"PostmanRuntime/7.51.0"}
{"duration":60,"ip":"::1","level":"error","message":"Request failed","method":"POST","path":"/wallet","requestId":"ed4c5aa92756fa42953910bad89c99cb","service":"hd-wallet-api","statusCode":500,"suspicious":false,"timestamp":"2026-01-27 12:40:34"}
{"ip":"::1","level":"info","message":"Incoming request","method":"POST","path":"/api/v1/wallet","requestId":"2969ff091d0a1e70d5b605baef4ec8b7","service":"hd-wallet-api","timestamp":"2026-01-27 12:44:43","userAgent":"PostmanRuntime/7.51.0"}
{"duration":65,"ip":"::1","level":"error","message":"Request failed","method":"POST","path":"/wallet","requestId":"2969ff091d0a1e70d5b605baef4ec8b7","service":"hd-wallet-api","statusCode":500,"suspicious":false,"timestamp":"2026-01-27 12:44:43"}
{"ip":"::1","level":"info","message":"Incoming request","method":"POST","path":"/api/v1/wallet","requestId":"d7f6277245b72ecac29c34ba79ab795a","service":"hd-wallet-api","timestamp":"2026-01-27 12:45:37","userAgent":"PostmanRuntime/7.51.0"}
{"duration":17,"ip":"::1","level":"error","message":"Request failed","method":"POST","path":"/wallet","requestId":"d7f6277245b72ecac29c34ba79ab795a","service":"hd-wallet-api","statusCode":500,"suspicious":false,"timestamp":"2026-01-27 12:45:37"}
{"ip":"::1","level":"info","message":"Incoming request","method":"POST","path":"/api/v1/wallet","requestId":"8ed3089196bef73974536bab32cd01c6","service":"hd-wallet-api","timestamp":"2026-01-27 13:13:44","userAgent":"PostmanRuntime/7.51.0"}
{"duration":69,"ip":"::1","level":"error","message":"Request failed","method":"POST","path":"/wallet","requestId":"8ed3089196bef73974536bab32cd01c6","service":"hd-wallet-api","statusCode":500,"suspicious":false,"timestamp":"2026-01-27 13:13:44"}
{"ip":"::1","level":"info","message":"Incoming request","method":"POST","path":"/api/v1/wallet","requestId":"04fd37ac039631baa05f72e9d6dfccec","service":"hd-wallet-api","timestamp":"2026-01-27 13:14:21","userAgent":"PostmanRuntime/7.51.0"}
{"duration":159,"ip":"::1","level":"info","message":"Request completed","method":"POST","path":"/wallet","requestId":"04fd37ac039631baa05f72e9d6dfccec","service":"hd-wallet-api","statusCode":201,"suspicious":false,"timestamp":"2026-01-27 13:14:21"}
{"ip":"::1","level":"info","message":"Incoming request","method":"POST","path":"/api/v1/wallet","requestId":"85178ffce7cdc3fa9d4e55c7ccd7e54b","service":"hd-wallet-api","timestamp":"2026-01-27 13:17:22","userAgent":"PostmanRuntime/7.51.0"}
{"duration":53,"ip":"::1","level":"error","message":"Request failed","method":"POST","path":"/wallet","requestId":"85178ffce7cdc3fa9d4e55c7ccd7e54b","service":"hd-wallet-api","statusCode":500,"suspicious":false,"timestamp":"2026-01-27 13:17:22"}
{"ip":"::1","level":"info","message":"Incoming request","method":"POST","path":"/api/v1/wallet","requestId":"953103179ffb2e0c9f903fb2355de97f","service":"hd-wallet-api","timestamp":"2026-01-27 13:17:52","userAgent":"PostmanRuntime/7.51.0"}
{"duration":98,"ip":"::1","level":"info","message":"Request completed","method":"POST","path":"/wallet","requestId":"953103179ffb2e0c9f903fb2355de97f","service":"hd-wallet-api","statusCode":201,"suspicious":false,"timestamp":"2026-01-27 13:17:53"}
{"ip":"::1","level":"info","message":"Incoming request","method":"POST","path":"/api/v1/wallet","requestId":"1e1352c213ca6d0f5051444a3a58777d","service":"hd-wallet-api","timestamp":"2026-01-27 13:18:21","userAgent":"PostmanRuntime/7.51.0"}
{"duration":5,"ip":"::1","level":"error","message":"Request failed","method":"POST","path":"/wallet","requestId":"1e1352c213ca6d0f5051444a3a58777d","service":"hd-wallet-api","statusCode":500,"suspicious":false,"timestamp":"2026-01-27 13:18:21"}
{"ip":"::1","level":"info","message":"Incoming request","method":"POST","path":"/api/v1/wallet","requestId":"8c070f3d64bb6c80eab6e06a8418959b","service":"hd-wallet-api","timestamp":"2026-01-27 13:20:52","userAgent":"PostmanRuntime/7.51.0"}
{"duration":107,"ip":"::1","level":"error","message":"Request failed","method":"POST","path":"/wallet","requestId":"8c070f3d64bb6c80eab6e06a8418959b","service":"hd-wallet-api","statusCode":500,"suspicious":false,"timestamp":"2026-01-27 13:20:52"}
{"ip":"::1","level":"info","message":"Incoming request","method":"POST","path":"/api/v1/wallet","requestId":"b56aa3b4a48a9ed163f182170af4e475","service":"hd-wallet-api","timestamp":"2026-01-27 13:21:23","userAgent":"PostmanRuntime/7.51.0"}
{"duration":98,"ip":"::1","level":"error","message":"Request failed","method":"POST","path":"/wallet","requestId":"b56aa3b4a48a9ed163f182170af4e475","service":"hd-wallet-api","statusCode":500,"suspicious":false,"timestamp":"2026-01-27 13:21:23"}
{"ip":"::1","level":"info","message":"Incoming request","method":"POST","path":"/api/v1/wallet","requestId":"2630026a3b882c68e96cc0ccaaf354da","service":"hd-wallet-api","timestamp":"2026-01-27 17:00:22","userAgent":"PostmanRuntime/7.51.0"}
{"duration":114,"ip":"::1","level":"error","message":"Request failed","method":"POST","path":"/wallet","requestId":"2630026a3b882c68e96cc0ccaaf354da","service":"hd-wallet-api","statusCode":500,"suspicious":false,"timestamp":"2026-01-27 17:00:22"}
{"ip":"::1","level":"info","message":"Incoming request","method":"POST","path":"/api/v1/wallet","requestId":"c40a8fa07ab8b010ca055aed98928d9a","service":"hd-wallet-api","timestamp":"2026-01-27 17:05:49","userAgent":"PostmanRuntime/7.51.0"}
{"duration":81,"ip":"::1","level":"error","message":"Request failed","method":"POST","path":"/wallet","requestId":"c40a8fa07ab8b010ca055aed98928d9a","service":"hd-wallet-api","statusCode":500,"suspicious":false,"timestamp":"2026-01-27 17:05:49"}
{"ip":"::1","level":"info","message":"Incoming request","method":"POST","path":"/api/v1/wallet","requestId":"119514c0306dd0e90def34981a17ea44","service":"hd-wallet-api","timestamp":"2026-01-27 17:06:47","userAgent":"PostmanRuntime/7.51.0"}
{"duration":176695,"ip":"::1","level":"error","message":"Request failed","method":"POST","path":"/wallet","requestId":"119514c0306dd0e90def34981a17ea44","service":"hd-wallet-api","statusCode":500,"suspicious":false,"timestamp":"2026-01-27 17:09:43"}
{"ip":"::1","level":"info","message":"Incoming request","method":"POST","path":"/api/v1/wallet","requestId":"1149ea65fd29ec05ba76b696e9289018","service":"hd-wallet-api","timestamp":"2026-01-27 17:10:18","userAgent":"PostmanRuntime/7.51.0"}
{"duration":20,"ip":"::1","level":"error","message":"Request failed","method":"POST","path":"/wallet","requestId":"1149ea65fd29ec05ba76b696e9289018","service":"hd-wallet-api","statusCode":500,"suspicious":false,"timestamp":"2026-01-27 17:10:18"}
{"ip":"::1","level":"info","message":"Incoming request","method":"POST","path":"/api/v1/wallet","requestId":"faefea191416249582b21e3e475176ac","service":"hd-wallet-api","timestamp":"2026-01-27 17:10:37","userAgent":"PostmanRuntime/7.51.0"}
{"duration":54,"ip":"::1","level":"error","message":"Request failed","method":"POST","path":"/wallet","requestId":"faefea191416249582b21e3e475176ac","service":"hd-wallet-api","statusCode":500,"suspicious":false,"timestamp":"2026-01-27 17:10:37"}
{"ip":"::1","level":"info","message":"Incoming request","method":"POST","path":"/api/v1/wallet","requestId":"f7405c9283498bd8373e72c5cf2ea396","service":"hd-wallet-api","timestamp":"2026-01-27 17:11:45","userAgent":"PostmanRuntime/7.51.0"}
{"duration":173,"ip":"::1","level":"error","message":"Request failed","method":"POST","path":"/wallet","requestId":"f7405c9283498bd8373e72c5cf2ea396","service":"hd-wallet-api","statusCode":500,"suspicious":false,"timestamp":"2026-01-27 17:11:45"}
{"ip":"::1","level":"info","message":"Incoming request","method":"POST","path":"/api/v1/wallet","requestId":"171c7975f30caad6c2b2db8fd0d497c4","service":"hd-wallet-api","timestamp":"2026-01-27 17:12:45","userAgent":"PostmanRuntime/7.51.0"}
{"duration":17,"ip":"::1","level":"error","message":"Request failed","method":"POST","path":"/wallet","requestId":"171c7975f30caad6c2b2db8fd0d497c4","service":"hd-wallet-api","statusCode":500,"suspicious":false,"timestamp":"2026-01-27 17:12:45"}
{"ip":"::1","level":"info","message":"Incoming request","method":"POST","path":"/api/v1/wallet","requestId":"31c13a0a10ec2653e6445af8d93b02fa","service":"hd-wallet-api","timestamp":"2026-01-27 17:17:40","userAgent":"PostmanRuntime/7.51.0"}
{"duration":71,"ip":"::1","level":"error","message":"Request failed","method":"POST","path":"/wallet","requestId":"31c13a0a10ec2653e6445af8d93b02fa","service":"hd-wallet-api","statusCode":500,"suspicious":false,"timestamp":"2026-01-27 17:17:40"}
{"ip":"::1","level":"info","message":"Incoming request","method":"POST","path":"/api/v1/wallet","requestId":"bcf0de2c582c7ccc8233bc60f6835144","service":"hd-wallet-api","timestamp":"2026-01-27 17:18:17","userAgent":"PostmanRuntime/7.51.0"}
{"duration":55,"ip":"::1","level":"error","message":"Request failed","method":"POST","path":"/wallet","requestId":"bcf0de2c582c7ccc8233bc60f6835144","service":"hd-wallet-api","statusCode":500,"suspicious":false,"timestamp":"2026-01-27 17:18:17"}
{"ip":"::1","level":"info","message":"Incoming request","method":"POST","path":"/api/v1/wallet","requestId":"754e88d5e8ac917c738db12b9a8f8d8f","service":"hd-wallet-api","timestamp":"2026-01-27 17:31:45","userAgent":"PostmanRuntime/7.51.0"}
{"duration":398275,"ip":"::1","level":"error","message":"Request failed","method":"POST","path":"/wallet","requestId":"754e88d5e8ac917c738db12b9a8f8d8f","service":"hd-wallet-api","statusCode":500,"suspicious":false,"timestamp":"2026-01-27 17:38:24"}
{"ip":"::1","level":"info","message":"Incoming request","method":"POST","path":"/api/v1/wallet","requestId":"27a86d1f77513d3a31720ea083e82b95","service":"hd-wallet-api","timestamp":"2026-01-27 18:07:42","userAgent":"PostmanRuntime/7.51.0"}
{"duration":241,"ip":"::1","level":"error","message":"Request failed","method":"POST","path":"/wallet","requestId":"27a86d1f77513d3a31720ea083e82b95","service":"hd-wallet-api","statusCode":500,"suspicious":false,"timestamp":"2026-01-27 18:07:43"}
{"ip":"::1","level":"info","message":"Incoming request","method":"POST","path":"/api/v1/wallet","requestId":"244852d01e404e0ab47a96b03281f733","service":"hd-wallet-api","timestamp":"2026-01-27 18:09:23","userAgent":"PostmanRuntime/7.51.0"}
{"ip":"::1","level":"info","message":"Incoming request","method":"POST","path":"/api/v1/wallet","requestId":"cd0e2d346b30da38faf668f6983c9189","service":"hd-wallet-api","timestamp":"2026-01-27 18:19:55","userAgent":"PostmanRuntime/7.51.0"}
{"duration":179,"ip":"::1","level":"info","message":"Request completed","method":"POST","path":"/wallet","requestId":"cd0e2d346b30da38faf668f6983c9189","service":"hd-wallet-api","statusCode":201,"suspicious":false,"timestamp":"2026-01-27 18:19:55"}
{"ip":"::1","level":"info","message":"Incoming request","method":"POST","path":"/api/v1/wallet","requestId":"6e77693d4164b3539528bfc5d15d4963","service":"hd-wallet-api","timestamp":"2026-01-27 18:21:00","userAgent":"PostmanRuntime/7.51.0"}
{"duration":92,"ip":"::1","level":"info","message":"Request completed","method":"POST","path":"/wallet","requestId":"6e77693d4164b3539528bfc5d15d4963","service":"hd-wallet-api","statusCode":201,"suspicious":false,"timestamp":"2026-01-27 18:21:00"}
{"ip":"::1","level":"info","message":"Incoming request","method":"POST","path":"/api/v1/wallet","requestId":"bb9bb5d226508d881c6eb436ccde1773","service":"hd-wallet-api","timestamp":"2026-01-27 18:21:08","userAgent":"PostmanRuntime/7.51.0"}
{"duration":34,"ip":"::1","level":"info","message":"Request completed","method":"POST","path":"/wallet","requestId":"bb9bb5d226508d881c6eb436ccde1773","service":"hd-wallet-api","statusCode":201,"suspicious":false,"timestamp":"2026-01-27 18:21:08"}
{"ip":"::1","level":"info","message":"Incoming request","method":"POST","path":"/api/v1/wallet","requestId":"76dff406be4220fa35ccf4c8a9d7c09a","service":"hd-wallet-api","timestamp":"2026-01-27 18:21:11","userAgent":"PostmanRuntime/7.51.0"}
{"duration":33,"ip":"::1","level":"info","message":"Request completed","method":"POST","path":"/wallet","requestId":"76dff406be4220fa35ccf4c8a9d7c09a","service":"hd-wallet-api","statusCode":201,"suspicious":false,"timestamp":"2026-01-27 18:21:11"}
{"ip":"::1","level":"info","message":"Incoming request","method":"POST","path":"/api/v1/wallet","requestId":"d281b60286621ebaaf4bb3bf96b1af46","service":"hd-wallet-api","timestamp":"2026-01-27 18:21:12","userAgent":"PostmanRuntime/7.51.0"}
{"duration":27,"ip":"::1","level":"info","message":"Request completed","method":"POST","path":"/wallet","requestId":"d281b60286621ebaaf4bb3bf96b1af46","service":"hd-wallet-api","statusCode":201,"suspicious":false,"timestamp":"2026-01-27 18:21:12"}
{"ip":"::1","level":"info","message":"Incoming request","method":"POST","path":"/api/v1/wallet","requestId":"d7ca9e67ede5c03bd11d77c765e38baa","service":"hd-wallet-api","timestamp":"2026-01-27 18:21:14","userAgent":"PostmanRuntime/7.51.0"}
{"duration":32,"ip":"::1","level":"info","message":"Request completed","method":"POST","path":"/wallet","requestId":"d7ca9e67ede5c03bd11d77c765e38baa","service":"hd-wallet-api","statusCode":201,"suspicious":false,"timestamp":"2026-01-27 18:21:14"}
{"ip":"::1","level":"info","message":"Incoming request","method":"POST","path":"/api/v1/wallet","requestId":"950a6f773ec60d9c3058505005582294","service":"hd-wallet-api","timestamp":"2026-01-27 18:21:15","userAgent":"PostmanRuntime/7.51.0"}
{"duration":25,"ip":"::1","level":"info","message":"Request completed","method":"POST","path":"/wallet","requestId":"950a6f773ec60d9c3058505005582294","service":"hd-wallet-api","statusCode":201,"suspicious":false,"timestamp":"2026-01-27 18:21:15"}
{"ip":"::1","level":"info","message":"Incoming request","method":"POST","path":"/api/v1/wallet","requestId":"74dade88fa696ea888ec9f4aae931bcb","service":"hd-wallet-api","timestamp":"2026-01-27 18:21:19","userAgent":"PostmanRuntime/7.51.0"}
{"duration":29,"ip":"::1","level":"info","message":"Request completed","method":"POST","path":"/wallet","requestId":"74dade88fa696ea888ec9f4aae931bcb","service":"hd-wallet-api","statusCode":201,"suspicious":false,"timestamp":"2026-01-27 18:21:19"}
{"ip":"::1","level":"info","message":"Incoming request","method":"POST","path":"/api/v1/wallet","requestId":"474012b8679e8988b419cf87eaf14619","service":"hd-wallet-api","timestamp":"2026-01-27 18:21:26","userAgent":"PostmanRuntime/7.51.0"}
{"duration":39,"ip":"::1","level":"info","message":"Request completed","method":"POST","path":"/wallet","requestId":"474012b8679e8988b419cf87eaf14619","service":"hd-wallet-api","statusCode":201,"suspicious":false,"timestamp":"2026-01-27 18:21:26"}
